<?xml version='1.0' encoding='UTF-8' ?>
<testsuite name="com.example.testcases.ExampleInstrumentedTest" tests="2" failures="0" errors="0" skipped="0" time="4.048" timestamp="2024-10-31T17:16:29" hostname="localhost">
  <properties>
    <property name="device" value="Medium_Phone_API_TiramisuPrivacySandbox(AVD) - 13" />
    <property name="flavor" value="" />
    <property name="project" value=":app" />
  </properties>
  <testcase name="useAppContext" classname="com.example.testcases.ExampleInstrumentedTest" time="0.024" />
  <testcase name="mainActivityTest2" classname="com.example.testcases.MainActivityTest2" time="3.038" />
</testsuite>